{"/Users/prabhuramkumar/Documents/projects/Robot/src/actionCentre.js": {"path":"/Users/prabhuramkumar/Documents/projects/Robot/src/actionCentre.js","statementMap":{"0":{"start":{"line":2,"column":4},"end":{"line":5,"column":6}},"1":{"start":{"line":9,"column":4},"end":{"line":11,"column":6}},"2":{"start":{"line":15,"column":4},"end":{"line":17,"column":6}},"3":{"start":{"line":21,"column":4},"end":{"line":24,"column":6}},"4":{"start":{"line":28,"column":4},"end":{"line":31,"column":6}}},"fnMap":{"0":{"name":"place","decl":{"start":{"line":1,"column":16},"end":{"line":1,"column":21}},"loc":{"start":{"line":1,"column":37},"end":{"line":6,"column":1}},"line":1},"1":{"name":"move","decl":{"start":{"line":8,"column":16},"end":{"line":8,"column":20}},"loc":{"start":{"line":8,"column":23},"end":{"line":12,"column":1}},"line":8},"2":{"name":"report","decl":{"start":{"line":14,"column":16},"end":{"line":14,"column":22}},"loc":{"start":{"line":14,"column":25},"end":{"line":18,"column":1}},"line":14},"3":{"name":"rotate","decl":{"start":{"line":20,"column":16},"end":{"line":20,"column":22}},"loc":{"start":{"line":20,"column":34},"end":{"line":25,"column":1}},"line":20},"4":{"name":"error","decl":{"start":{"line":27,"column":16},"end":{"line":27,"column":21}},"loc":{"start":{"line":27,"column":31},"end":{"line":32,"column":1}},"line":27}},"branchMap":{},"s":{"0":3,"1":14,"2":2,"3":9,"4":1},"f":{"0":3,"1":14,"2":2,"3":9,"4":1},"b":{},"_coverageSchema":"43e27e138ebf9cfc5966b082cf9a028302ed4184","hash":"4ce5465c93d205737d49bcdd922daf95a52f5e16"}
,"/Users/prabhuramkumar/Documents/projects/Robot/src/commandCentre.js": {"path":"/Users/prabhuramkumar/Documents/projects/Robot/src/commandCentre.js","statementMap":{"0":{"start":{"line":7,"column":1},"end":{"line":23,"column":2}},"1":{"start":{"line":8,"column":38},"end":{"line":8,"column":70}},"2":{"start":{"line":9,"column":23},"end":{"line":9,"column":35}},"3":{"start":{"line":11,"column":2},"end":{"line":13,"column":3}},"4":{"start":{"line":12,"column":3},"end":{"line":12,"column":49}},"5":{"start":{"line":15,"column":2},"end":{"line":20,"column":3}},"6":{"start":{"line":16,"column":3},"end":{"line":16,"column":60}},"7":{"start":{"line":17,"column":3},"end":{"line":17,"column":15}},"8":{"start":{"line":19,"column":3},"end":{"line":19,"column":16}},"9":{"start":{"line":22,"column":2},"end":{"line":22,"column":15}},"10":{"start":{"line":27,"column":1},"end":{"line":31,"column":14}},"11":{"start":{"line":31,"column":2},"end":{"line":31,"column":14}},"12":{"start":{"line":37,"column":4},"end":{"line":62,"column":2}},"13":{"start":{"line":39,"column":7},"end":{"line":39,"column":42}},"14":{"start":{"line":40,"column":7},"end":{"line":40,"column":13}},"15":{"start":{"line":43,"column":4},"end":{"line":43,"column":37}},"16":{"start":{"line":44,"column":4},"end":{"line":44,"column":10}},"17":{"start":{"line":47,"column":4},"end":{"line":47,"column":37}},"18":{"start":{"line":48,"column":4},"end":{"line":48,"column":10}},"19":{"start":{"line":51,"column":4},"end":{"line":51,"column":24}},"20":{"start":{"line":52,"column":4},"end":{"line":52,"column":10}},"21":{"start":{"line":55,"column":4},"end":{"line":55,"column":26}},"22":{"start":{"line":56,"column":4},"end":{"line":56,"column":10}},"23":{"start":{"line":59,"column":4},"end":{"line":59,"column":46}},"24":{"start":{"line":60,"column":4},"end":{"line":60,"column":10}}},"fnMap":{"0":{"name":"decodeCommand","decl":{"start":{"line":6,"column":24},"end":{"line":6,"column":37}},"loc":{"start":{"line":6,"column":61},"end":{"line":24,"column":1}},"line":6},"1":{"name":"checkInitalPlacement","decl":{"start":{"line":26,"column":9},"end":{"line":26,"column":29}},"loc":{"start":{"line":26,"column":45},"end":{"line":32,"column":1}},"line":26},"2":{"name":"handleCommand","decl":{"start":{"line":35,"column":9},"end":{"line":35,"column":22}},"loc":{"start":{"line":35,"column":65},"end":{"line":63,"column":1}},"line":35}},"branchMap":{"0":{"loc":{"start":{"line":11,"column":2},"end":{"line":13,"column":3}},"type":"if","locations":[{"start":{"line":11,"column":2},"end":{"line":13,"column":3}},{"start":{"line":11,"column":2},"end":{"line":13,"column":3}}],"line":11},"1":{"loc":{"start":{"line":15,"column":2},"end":{"line":20,"column":3}},"type":"if","locations":[{"start":{"line":15,"column":2},"end":{"line":20,"column":3}},{"start":{"line":15,"column":2},"end":{"line":20,"column":3}}],"line":15},"2":{"loc":{"start":{"line":27,"column":1},"end":{"line":31,"column":14}},"type":"if","locations":[{"start":{"line":27,"column":1},"end":{"line":31,"column":14}},{"start":{"line":27,"column":1},"end":{"line":31,"column":14}}],"line":27},"3":{"loc":{"start":{"line":27,"column":4},"end":{"line":30,"column":24}},"type":"binary-expr","locations":[{"start":{"line":27,"column":4},"end":{"line":27,"column":33}},{"start":{"line":28,"column":5},"end":{"line":28,"column":34}},{"start":{"line":29,"column":5},"end":{"line":29,"column":24}},{"start":{"line":30,"column":5},"end":{"line":30,"column":24}}],"line":27},"4":{"loc":{"start":{"line":37,"column":4},"end":{"line":62,"column":2}},"type":"switch","locations":[{"start":{"line":38,"column":5},"end":{"line":40,"column":13}},{"start":{"line":42,"column":5},"end":{"line":44,"column":10}},{"start":{"line":46,"column":2},"end":{"line":48,"column":10}},{"start":{"line":50,"column":2},"end":{"line":52,"column":10}},{"start":{"line":54,"column":2},"end":{"line":56,"column":10}},{"start":{"line":58,"column":2},"end":{"line":60,"column":10}}],"line":37}},"s":{"0":11,"1":11,"2":10,"3":10,"4":4,"5":10,"6":6,"7":6,"8":4,"9":1,"10":4,"11":2,"12":6,"13":2,"14":2,"15":0,"16":0,"17":0,"18":0,"19":1,"20":1,"21":1,"22":1,"23":2,"24":2},"f":{"0":11,"1":4,"2":6},"b":{"0":[4,6],"1":[6,4],"2":[2,2],"3":[4,2,2,2],"4":[2,0,0,1,1,2]},"_coverageSchema":"43e27e138ebf9cfc5966b082cf9a028302ed4184","hash":"a0874644e481778ccf995820caeb372baed2f90d"}
,"/Users/prabhuramkumar/Documents/projects/Robot/src/controlCentre.js": {"path":"/Users/prabhuramkumar/Documents/projects/Robot/src/controlCentre.js","statementMap":{"0":{"start":{"line":5,"column":4},"end":{"line":20,"column":5}},"1":{"start":{"line":7,"column":12},"end":{"line":7,"column":60}},"2":{"start":{"line":10,"column":12},"end":{"line":10,"column":57}},"3":{"start":{"line":13,"column":12},"end":{"line":13,"column":45}},"4":{"start":{"line":16,"column":12},"end":{"line":16,"column":41}},"5":{"start":{"line":19,"column":12},"end":{"line":19,"column":55}},"6":{"start":{"line":21,"column":4},"end":{"line":21,"column":17}}},"fnMap":{"0":{"name":"controller","decl":{"start":{"line":4,"column":24},"end":{"line":4,"column":34}},"loc":{"start":{"line":4,"column":66},"end":{"line":22,"column":1}},"line":4}},"branchMap":{"0":{"loc":{"start":{"line":4,"column":35},"end":{"line":4,"column":55}},"type":"default-arg","locations":[{"start":{"line":4,"column":43},"end":{"line":4,"column":55}}],"line":4},"1":{"loc":{"start":{"line":5,"column":4},"end":{"line":20,"column":5}},"type":"switch","locations":[{"start":{"line":6,"column":8},"end":{"line":7,"column":60}},{"start":{"line":9,"column":8},"end":{"line":10,"column":57}},{"start":{"line":12,"column":8},"end":{"line":13,"column":45}},{"start":{"line":15,"column":8},"end":{"line":16,"column":41}},{"start":{"line":18,"column":8},"end":{"line":19,"column":55}}],"line":5}},"s":{"0":30,"1":3,"2":9,"3":14,"4":2,"5":1,"6":1},"f":{"0":30},"b":{"0":[1],"1":[3,9,14,2,1]},"_coverageSchema":"43e27e138ebf9cfc5966b082cf9a028302ed4184","hash":"b2ebc3738f5e705c870c11460bc5267bfc0ed5c1"}
,"/Users/prabhuramkumar/Documents/projects/Robot/src/robot.js": {"path":"/Users/prabhuramkumar/Documents/projects/Robot/src/robot.js","statementMap":{"0":{"start":{"line":7,"column":24},"end":{"line":10,"column":2}},"1":{"start":{"line":12,"column":4},"end":{"line":12,"column":90}},"2":{"start":{"line":18,"column":24},"end":{"line":18,"column":40}},"3":{"start":{"line":19,"column":4},"end":{"line":22,"column":5}},"4":{"start":{"line":20,"column":20},"end":{"line":20,"column":73}},"5":{"start":{"line":21,"column":5},"end":{"line":21,"column":56}},"6":{"start":{"line":23,"column":4},"end":{"line":23,"column":61}},"7":{"start":{"line":28,"column":17},"end":{"line":28,"column":49}},"8":{"start":{"line":29,"column":1},"end":{"line":32,"column":5}},"9":{"start":{"line":30,"column":17},"end":{"line":30,"column":74}},"10":{"start":{"line":31,"column":5},"end":{"line":31,"column":56}},"11":{"start":{"line":33,"column":1},"end":{"line":33,"column":54}},"12":{"start":{"line":39,"column":1},"end":{"line":45,"column":2}},"13":{"start":{"line":40,"column":5},"end":{"line":40,"column":53}},"14":{"start":{"line":41,"column":5},"end":{"line":41,"column":20}},"15":{"start":{"line":43,"column":2},"end":{"line":43,"column":91}},"16":{"start":{"line":44,"column":2},"end":{"line":44,"column":16}},"17":{"start":{"line":46,"column":1},"end":{"line":46,"column":43}},"18":{"start":{"line":51,"column":16},"end":{"line":51,"column":59}},"19":{"start":{"line":52,"column":1},"end":{"line":52,"column":52}}},"fnMap":{"0":{"name":"placeRobot","decl":{"start":{"line":6,"column":16},"end":{"line":6,"column":26}},"loc":{"start":{"line":6,"column":47},"end":{"line":13,"column":1}},"line":6},"1":{"name":"moveRobot","decl":{"start":{"line":17,"column":16},"end":{"line":17,"column":25}},"loc":{"start":{"line":17,"column":33},"end":{"line":24,"column":1}},"line":17},"2":{"name":"rotateRobot","decl":{"start":{"line":27,"column":16},"end":{"line":27,"column":27}},"loc":{"start":{"line":27,"column":46},"end":{"line":34,"column":1}},"line":27},"3":{"name":"reportPosition","decl":{"start":{"line":37,"column":16},"end":{"line":37,"column":30}},"loc":{"start":{"line":37,"column":51},"end":{"line":47,"column":1}},"line":37},"4":{"name":"errorUpdate","decl":{"start":{"line":50,"column":16},"end":{"line":50,"column":27}},"loc":{"start":{"line":50,"column":44},"end":{"line":53,"column":1}},"line":50}},"branchMap":{"0":{"loc":{"start":{"line":19,"column":4},"end":{"line":22,"column":5}},"type":"if","locations":[{"start":{"line":19,"column":4},"end":{"line":22,"column":5}},{"start":{"line":19,"column":4},"end":{"line":22,"column":5}}],"line":19},"1":{"loc":{"start":{"line":29,"column":1},"end":{"line":32,"column":5}},"type":"if","locations":[{"start":{"line":29,"column":1},"end":{"line":32,"column":5}},{"start":{"line":29,"column":1},"end":{"line":32,"column":5}}],"line":29},"2":{"loc":{"start":{"line":39,"column":1},"end":{"line":45,"column":2}},"type":"if","locations":[{"start":{"line":39,"column":1},"end":{"line":45,"column":2}},{"start":{"line":39,"column":1},"end":{"line":45,"column":2}}],"line":39}},"s":{"0":3,"1":3,"2":14,"3":14,"4":2,"5":2,"6":12,"7":9,"8":9,"9":1,"10":1,"11":8,"12":2,"13":1,"14":1,"15":1,"16":1,"17":2,"18":1,"19":1},"f":{"0":3,"1":14,"2":9,"3":2,"4":1},"b":{"0":[2,12],"1":[1,8],"2":[1,1]},"_coverageSchema":"43e27e138ebf9cfc5966b082cf9a028302ed4184","hash":"d7a8b40171e0a771d87cf06e821759c5fa7425be"}
,"/Users/prabhuramkumar/Documents/projects/Robot/src/robotConfig.js": {"path":"/Users/prabhuramkumar/Documents/projects/Robot/src/robotConfig.js","statementMap":{"0":{"start":{"line":1,"column":21},"end":{"line":9,"column":1}},"1":{"start":{"line":11,"column":14},"end":{"line":16,"column":1}},"2":{"start":{"line":18,"column":19},"end":{"line":21,"column":1}},"3":{"start":{"line":23,"column":18},"end":{"line":26,"column":1}}},"fnMap":{},"branchMap":{},"s":{"0":3,"1":3,"2":3,"3":3},"f":{},"b":{},"_coverageSchema":"43e27e138ebf9cfc5966b082cf9a028302ed4184","hash":"29a4cf4bd81d6e136ab27a7afac78075bfcb47f7"}
,"/Users/prabhuramkumar/Documents/projects/Robot/src/utils/compass.js": {"path":"/Users/prabhuramkumar/Documents/projects/Robot/src/utils/compass.js","statementMap":{"0":{"start":{"line":6,"column":16},"end":{"line":23,"column":1}},"1":{"start":{"line":7,"column":20},"end":{"line":7,"column":40}},"2":{"start":{"line":8,"column":19},"end":{"line":8,"column":45}},"3":{"start":{"line":9,"column":25},"end":{"line":9,"column":50}},"4":{"start":{"line":10,"column":24},"end":{"line":10,"column":58}},"5":{"start":{"line":11,"column":23},"end":{"line":11,"column":40}},"6":{"start":{"line":12,"column":24},"end":{"line":12,"column":25}},"7":{"start":{"line":14,"column":1},"end":{"line":16,"column":2}},"8":{"start":{"line":15,"column":2},"end":{"line":15,"column":15}},"9":{"start":{"line":18,"column":1},"end":{"line":19,"column":23}},"10":{"start":{"line":19,"column":2},"end":{"line":19,"column":23}},"11":{"start":{"line":21,"column":26},"end":{"line":21,"column":52}},"12":{"start":{"line":22,"column":1},"end":{"line":22,"column":107}}},"fnMap":{"0":{"name":"(anonymous_0)","decl":{"start":{"line":6,"column":16},"end":{"line":6,"column":17}},"loc":{"start":{"line":6,"column":39},"end":{"line":23,"column":1}},"line":6}},"branchMap":{"0":{"loc":{"start":{"line":14,"column":1},"end":{"line":16,"column":2}},"type":"if","locations":[{"start":{"line":14,"column":1},"end":{"line":16,"column":2}},{"start":{"line":14,"column":1},"end":{"line":16,"column":2}}],"line":14},"1":{"loc":{"start":{"line":14,"column":4},"end":{"line":14,"column":39}},"type":"binary-expr","locations":[{"start":{"line":14,"column":4},"end":{"line":14,"column":17}},{"start":{"line":14,"column":21},"end":{"line":14,"column":39}}],"line":14},"2":{"loc":{"start":{"line":18,"column":1},"end":{"line":19,"column":23}},"type":"if","locations":[{"start":{"line":18,"column":1},"end":{"line":19,"column":23}},{"start":{"line":18,"column":1},"end":{"line":19,"column":23}}],"line":18},"3":{"loc":{"start":{"line":22,"column":8},"end":{"line":22,"column":106}},"type":"cond-expr","locations":[{"start":{"line":22,"column":46},"end":{"line":22,"column":73}},{"start":{"line":22,"column":76},"end":{"line":22,"column":106}}],"line":22}},"s":{"0":2,"1":19,"2":19,"3":19,"4":19,"5":19,"6":19,"7":19,"8":3,"9":16,"10":5,"11":16,"12":16},"f":{"0":19},"b":{"0":[3,16],"1":[19,17],"2":[5,11],"3":[4,12]},"_coverageSchema":"43e27e138ebf9cfc5966b082cf9a028302ed4184","hash":"0a8f91bf12fce9e281b5caa6321007696f873e4f"}
,"/Users/prabhuramkumar/Documents/projects/Robot/src/utils/navigator.js": {"path":"/Users/prabhuramkumar/Documents/projects/Robot/src/utils/navigator.js","statementMap":{"0":{"start":{"line":3,"column":12},"end":{"line":10,"column":1}},"1":{"start":{"line":4,"column":19},"end":{"line":4,"column":45}},"2":{"start":{"line":5,"column":1},"end":{"line":5,"column":21}},"3":{"start":{"line":6,"column":1},"end":{"line":8,"column":2}},"4":{"start":{"line":7,"column":2},"end":{"line":7,"column":15}},"5":{"start":{"line":9,"column":1},"end":{"line":9,"column":20}},"6":{"start":{"line":12,"column":17},"end":{"line":19,"column":1}},"7":{"start":{"line":13,"column":19},"end":{"line":13,"column":45}},"8":{"start":{"line":14,"column":1},"end":{"line":14,"column":21}},"9":{"start":{"line":15,"column":1},"end":{"line":17,"column":2}},"10":{"start":{"line":16,"column":2},"end":{"line":16,"column":15}},"11":{"start":{"line":18,"column":1},"end":{"line":18,"column":20}},"12":{"start":{"line":21,"column":20},"end":{"line":26,"column":1}},"13":{"start":{"line":28,"column":19},"end":{"line":38,"column":1}},"14":{"start":{"line":29,"column":16},"end":{"line":29,"column":30}},"15":{"start":{"line":31,"column":27},"end":{"line":33,"column":3}},"16":{"start":{"line":32,"column":2},"end":{"line":32,"column":36}},"17":{"start":{"line":34,"column":28},"end":{"line":34,"column":50}},"18":{"start":{"line":36,"column":1},"end":{"line":36,"column":102}}},"fnMap":{"0":{"name":"(anonymous_0)","decl":{"start":{"line":3,"column":12},"end":{"line":3,"column":13}},"loc":{"start":{"line":3,"column":41},"end":{"line":10,"column":1}},"line":3},"1":{"name":"(anonymous_1)","decl":{"start":{"line":12,"column":17},"end":{"line":12,"column":18}},"loc":{"start":{"line":12,"column":46},"end":{"line":19,"column":1}},"line":12},"2":{"name":"(anonymous_2)","decl":{"start":{"line":28,"column":19},"end":{"line":28,"column":20}},"loc":{"start":{"line":28,"column":34},"end":{"line":38,"column":1}},"line":28},"3":{"name":"(anonymous_3)","decl":{"start":{"line":31,"column":46},"end":{"line":31,"column":47}},"loc":{"start":{"line":31,"column":54},"end":{"line":33,"column":2}},"line":31}},"branchMap":{"0":{"loc":{"start":{"line":6,"column":1},"end":{"line":8,"column":2}},"type":"if","locations":[{"start":{"line":6,"column":1},"end":{"line":8,"column":2}},{"start":{"line":6,"column":1},"end":{"line":8,"column":2}}],"line":6},"1":{"loc":{"start":{"line":15,"column":1},"end":{"line":17,"column":2}},"type":"if","locations":[{"start":{"line":15,"column":1},"end":{"line":17,"column":2}},{"start":{"line":15,"column":1},"end":{"line":17,"column":2}}],"line":15}},"s":{"0":1,"1":7,"2":7,"3":7,"4":1,"5":6,"6":1,"7":7,"8":7,"9":7,"10":1,"11":6,"12":1,"13":1,"14":14,"15":14,"16":56,"17":14,"18":14},"f":{"0":7,"1":7,"2":14,"3":56},"b":{"0":[1,6],"1":[1,6]},"_coverageSchema":"43e27e138ebf9cfc5966b082cf9a028302ed4184","hash":"93f38c3832af99523b92ed0a461c818d303f35fe"}
}
