TN:
SF:/Users/prabhuramkumar/Documents/projects/Robot/src/actionCentre.js
FN:1,place
FN:8,move
FN:14,report
FN:20,rotate
FN:27,error
FNF:5
FNH:5
FNDA:3,place
FNDA:14,move
FNDA:2,report
FNDA:9,rotate
FNDA:1,error
DA:2,3
DA:9,14
DA:15,2
DA:21,9
DA:28,1
LF:5
LH:5
BRF:0
BRH:0
end_of_record
TN:
SF:/Users/prabhuramkumar/Documents/projects/Robot/src/commandCentre.js
FN:6,decodeCommand
FN:26,checkInitalPlacement
FN:35,handleCommand
FNF:3
FNH:3
FNDA:11,decodeCommand
FNDA:4,checkInitalPlacement
FNDA:6,handleCommand
DA:7,11
DA:8,11
DA:9,10
DA:11,10
DA:12,4
DA:15,10
DA:16,6
DA:17,6
DA:19,4
DA:22,1
DA:27,4
DA:31,2
DA:37,6
DA:39,2
DA:40,2
DA:43,0
DA:44,0
DA:47,0
DA:48,0
DA:51,1
DA:52,1
DA:55,1
DA:56,1
DA:59,2
DA:60,2
LF:25
LH:21
BRDA:11,0,0,4
BRDA:11,0,1,6
BRDA:15,1,0,6
BRDA:15,1,1,4
BRDA:27,2,0,2
BRDA:27,2,1,2
BRDA:27,3,0,4
BRDA:27,3,1,2
BRDA:27,3,2,2
BRDA:27,3,3,2
BRDA:37,4,0,2
BRDA:37,4,1,0
BRDA:37,4,2,0
BRDA:37,4,3,1
BRDA:37,4,4,1
BRDA:37,4,5,2
BRF:16
BRH:14
end_of_record
TN:
SF:/Users/prabhuramkumar/Documents/projects/Robot/src/controlCentre.js
FN:4,controller
FNF:1
FNH:1
FNDA:30,controller
DA:5,30
DA:7,3
DA:10,9
DA:13,14
DA:16,2
DA:19,1
DA:21,1
LF:7
LH:7
BRDA:4,0,0,1
BRDA:5,1,0,3
BRDA:5,1,1,9
BRDA:5,1,2,14
BRDA:5,1,3,2
BRDA:5,1,4,1
BRF:6
BRH:6
end_of_record
TN:
SF:/Users/prabhuramkumar/Documents/projects/Robot/src/robot.js
FN:6,placeRobot
FN:17,moveRobot
FN:27,rotateRobot
FN:37,reportPosition
FN:50,errorUpdate
FNF:5
FNH:5
FNDA:3,placeRobot
FNDA:14,moveRobot
FNDA:9,rotateRobot
FNDA:2,reportPosition
FNDA:1,errorUpdate
DA:7,3
DA:12,3
DA:18,14
DA:19,14
DA:20,2
DA:21,2
DA:23,12
DA:28,9
DA:29,9
DA:30,1
DA:31,1
DA:33,8
DA:39,2
DA:40,1
DA:41,1
DA:43,1
DA:44,1
DA:46,2
DA:51,1
DA:52,1
LF:20
LH:20
BRDA:19,0,0,2
BRDA:19,0,1,12
BRDA:29,1,0,1
BRDA:29,1,1,8
BRDA:39,2,0,1
BRDA:39,2,1,1
BRF:6
BRH:6
end_of_record
TN:
SF:/Users/prabhuramkumar/Documents/projects/Robot/src/robotConfig.js
FNF:0
FNH:0
DA:1,3
DA:11,3
DA:18,3
DA:23,3
LF:4
LH:4
BRF:0
BRH:0
end_of_record
TN:
SF:/Users/prabhuramkumar/Documents/projects/Robot/src/utils/compass.js
FN:6,(anonymous_0)
FNF:1
FNH:1
FNDA:19,(anonymous_0)
DA:6,2
DA:7,19
DA:8,19
DA:9,19
DA:10,19
DA:11,19
DA:12,19
DA:14,19
DA:15,3
DA:18,16
DA:19,5
DA:21,16
DA:22,16
LF:13
LH:13
BRDA:14,0,0,3
BRDA:14,0,1,16
BRDA:14,1,0,19
BRDA:14,1,1,17
BRDA:18,2,0,5
BRDA:18,2,1,11
BRDA:22,3,0,4
BRDA:22,3,1,12
BRF:8
BRH:8
end_of_record
TN:
SF:/Users/prabhuramkumar/Documents/projects/Robot/src/utils/navigator.js
FN:3,(anonymous_0)
FN:12,(anonymous_1)
FN:28,(anonymous_2)
FN:31,(anonymous_3)
FNF:4
FNH:4
FNDA:7,(anonymous_0)
FNDA:7,(anonymous_1)
FNDA:14,(anonymous_2)
FNDA:56,(anonymous_3)
DA:3,1
DA:4,7
DA:5,7
DA:6,7
DA:7,1
DA:9,6
DA:12,1
DA:13,7
DA:14,7
DA:15,7
DA:16,1
DA:18,6
DA:21,1
DA:28,1
DA:29,14
DA:31,14
DA:32,56
DA:34,14
DA:36,14
LF:19
LH:19
BRDA:6,0,0,1
BRDA:6,0,1,6
BRDA:15,1,0,1
BRDA:15,1,1,6
BRF:4
BRH:4
end_of_record
